#-----------------------------------------------------------
# Vivado v2018.2 (64-bit)
# SW Build 2258646 on Thu Jun 14 20:03:12 MDT 2018
# IP Build 2256618 on Thu Jun 14 22:10:49 MDT 2018
# Start of session at: Wed May  1 15:06:40 2024
# Process ID: 3208
# Current directory: C:/Users/user/sevensegment
# Command line: vivado.exe -gui_launcher_event rodinguilauncherevent3648 C:\Users\user\sevensegment\sevensegment.xpr
# Log file: C:/Users/user/sevensegment/vivado.log
# Journal file: C:/Users/user/sevensegment\vivado.jou
#-----------------------------------------------------------
start_gui
open_project C:/Users/user/sevensegment/sevensegment.xpr
Scanning sources...
Finished scanning sources
INFO: [IP_Flow 19-234] Refreshing IP repositories
INFO: [IP_Flow 19-1704] No user IP repositories specified
INFO: [IP_Flow 19-2313] Loaded Vivado IP repository 'C:/Xilinx/Vivado/2018.2/data/ip'.
update_compile_order -fileset sources_1
exit
INFO: [Common 17-206] Exiting Vivado at Wed May  1 15:08:00 2024...
