#-----------------------------------------------------------
# Vivado v2018.2 (64-bit)
# SW Build 2258646 on Thu Jun 14 20:03:12 MDT 2018
# IP Build 2256618 on Thu Jun 14 22:10:49 MDT 2018
# Start of session at: Wed Jun  5 13:12:42 2024
# Process ID: 28876
# Current directory: C:/Users/user/alu2
# Command line: vivado.exe -gui_launcher_event rodinguilauncherevent19188 C:\Users\user\alu2\alu2.xpr
# Log file: C:/Users/user/alu2/vivado.log
# Journal file: C:/Users/user/alu2\vivado.jou
#-----------------------------------------------------------
start_gui
open_project C:/Users/user/alu2/alu2.xpr
Scanning sources...
Finished scanning sources
INFO: [IP_Flow 19-234] Refreshing IP repositories
INFO: [IP_Flow 19-1704] No user IP repositories specified
INFO: [IP_Flow 19-2313] Loaded Vivado IP repository 'C:/Xilinx/Vivado/2018.2/data/ip'.
open_project: Time (s): cpu = 00:00:04 ; elapsed = 00:00:06 . Memory (MB): peak = 908.613 ; gain = 153.551
update_compile_order -fileset sources_1
exit
INFO: [Common 17-206] Exiting Vivado at Wed Jun  5 13:21:57 2024...
